{"contracts\\NFTDutchAuction.sol":{"l":{"26":6,"30":2,"31":2,"36":1,"41":1,"45":1,"51":3,"54":2,"57":2,"58":2,"62":2,"68":4,"74":3,"78":1,"82":1,"106":3,"107":3,"108":3,"109":3,"110":3,"111":3,"112":3,"113":3,"115":3,"116":3,"121":1,"125":6,"126":1,"129":5,"135":1,"139":3,"140":3,"141":3,"143":2,"145":2,"146":2,"151":2,"152":2,"154":2,"156":1},"path":"C:\\Users\\jashm\\OneDrive\\Desktop\\7500-Crypto and Smart Contracts\\Dutch-Auction\\v2\\contracts\\NFTDutchAuction.sol","s":{"1":6,"2":2,"3":2,"4":1,"5":1,"6":1,"7":3,"8":2,"9":2,"10":2,"11":2,"12":4,"13":3,"14":1,"15":1,"16":3,"17":3,"18":3,"19":3,"20":3,"21":3,"22":3,"23":3,"24":3,"25":3,"26":1,"27":6,"28":1,"29":5,"30":1,"31":3,"32":3,"33":3,"34":2,"35":2,"36":2,"37":2,"38":2,"39":2,"40":1},"b":{"1":[2,0],"2":[2,1],"3":[2,0],"4":[1,5],"5":[3,0],"6":[2,1],"7":[2,0]},"f":{"1":6,"2":2,"3":1,"4":1,"5":1,"6":3,"7":4,"8":3,"9":1,"10":1,"11":3,"12":1,"13":6,"14":1,"15":3},"fnMap":{"1":{"name":"constructor","line":25,"loc":{"start":{"line":25,"column":4},"end":{"line":27,"column":4}}},"2":{"name":"withdraw","line":29,"loc":{"start":{"line":29,"column":4},"end":{"line":32,"column":4}}},"3":{"name":"_baseURI","line":35,"loc":{"start":{"line":35,"column":4},"end":{"line":37,"column":4}}},"4":{"name":"pause","line":40,"loc":{"start":{"line":40,"column":4},"end":{"line":42,"column":4}}},"5":{"name":"unpause","line":44,"loc":{"start":{"line":44,"column":4},"end":{"line":46,"column":4}}},"6":{"name":"safeMint","line":49,"loc":{"start":{"line":49,"column":4},"end":{"line":63,"column":4}}},"7":{"name":"_beforeTokenTransfer","line":66,"loc":{"start":{"line":66,"column":4},"end":{"line":69,"column":4}}},"8":{"name":"supportsInterface","line":72,"loc":{"start":{"line":72,"column":4},"end":{"line":75,"column":4}}},"9":{"name":"baseURI","line":77,"loc":{"start":{"line":77,"column":4},"end":{"line":79,"column":4}}},"10":{"name":"tokenIdCounter","line":81,"loc":{"start":{"line":81,"column":3},"end":{"line":83,"column":4}}},"11":{"name":"constructor","line":105,"loc":{"start":{"line":105,"column":5},"end":{"line":117,"column":4}}},"12":{"name":"getCurrentBlockNumber","line":120,"loc":{"start":{"line":120,"column":4},"end":{"line":122,"column":4}}},"13":{"name":"calculatePrice","line":124,"loc":{"start":{"line":124,"column":4},"end":{"line":131,"column":4}}},"14":{"name":"checkbalance","line":134,"loc":{"start":{"line":134,"column":4},"end":{"line":136,"column":4}}},"15":{"name":"receiveMoney","line":138,"loc":{"start":{"line":138,"column":4},"end":{"line":158,"column":4}}}},"statementMap":{"1":{"start":{"line":26,"column":8},"end":{"line":26,"column":34}},"2":{"start":{"line":30,"column":6},"end":{"line":30,"column":58}},"3":{"start":{"line":31,"column":6},"end":{"line":31,"column":53}},"4":{"start":{"line":36,"column":8},"end":{"line":36,"column":50}},"5":{"start":{"line":41,"column":8},"end":{"line":41,"column":15}},"6":{"start":{"line":45,"column":8},"end":{"line":45,"column":17}},"7":{"start":{"line":51,"column":8},"end":{"line":51,"column":73}},"8":{"start":{"line":54,"column":8},"end":{"line":54,"column":61}},"9":{"start":{"line":57,"column":8},"end":{"line":57,"column":51}},"10":{"start":{"line":58,"column":8},"end":{"line":58,"column":34}},"11":{"start":{"line":62,"column":8},"end":{"line":62,"column":29}},"12":{"start":{"line":68,"column":8},"end":{"line":68,"column":63}},"13":{"start":{"line":74,"column":8},"end":{"line":74,"column":51}},"14":{"start":{"line":78,"column":8},"end":{"line":78,"column":50}},"15":{"start":{"line":82,"column":5},"end":{"line":82,"column":37}},"16":{"start":{"line":106,"column":8},"end":{"line":106,"column":40}},"17":{"start":{"line":107,"column":8},"end":{"line":107,"column":48}},"18":{"start":{"line":108,"column":8},"end":{"line":108,"column":35}},"19":{"start":{"line":109,"column":8},"end":{"line":109,"column":51}},"20":{"start":{"line":110,"column":8},"end":{"line":110,"column":49}},"21":{"start":{"line":111,"column":8},"end":{"line":111,"column":77}},"22":{"start":{"line":112,"column":8},"end":{"line":112,"column":34}},"23":{"start":{"line":113,"column":8},"end":{"line":113,"column":48}},"24":{"start":{"line":115,"column":8},"end":{"line":115,"column":51}},"25":{"start":{"line":116,"column":8},"end":{"line":116,"column":31}},"26":{"start":{"line":121,"column":8},"end":{"line":121,"column":27}},"27":{"start":{"line":125,"column":8},"end":{"line":125,"column":4850}},"28":{"start":{"line":126,"column":12},"end":{"line":126,"column":31}},"29":{"start":{"line":129,"column":8},"end":{"line":129,"column":67}},"30":{"start":{"line":135,"column":8},"end":{"line":135,"column":38}},"31":{"start":{"line":139,"column":8},"end":{"line":139,"column":36}},"32":{"start":{"line":140,"column":8},"end":{"line":140,"column":73}},"33":{"start":{"line":141,"column":8},"end":{"line":141,"column":65}},"34":{"start":{"line":143,"column":8},"end":{"line":143,"column":5422}},"35":{"start":{"line":145,"column":8},"end":{"line":145,"column":91}},"36":{"start":{"line":146,"column":8},"end":{"line":146,"column":129}},"37":{"start":{"line":151,"column":8},"end":{"line":151,"column":74}},"38":{"start":{"line":152,"column":8},"end":{"line":152,"column":107}},"39":{"start":{"line":154,"column":8},"end":{"line":154,"column":85}},"40":{"start":{"line":156,"column":8},"end":{"line":156,"column":25}}},"branchMap":{"1":{"line":30,"type":"if","locations":[{"start":{"line":30,"column":6},"end":{"line":30,"column":6}},{"start":{"line":30,"column":6},"end":{"line":30,"column":6}}]},"2":{"line":51,"type":"if","locations":[{"start":{"line":51,"column":8},"end":{"line":51,"column":8}},{"start":{"line":51,"column":8},"end":{"line":51,"column":8}}]},"3":{"line":54,"type":"if","locations":[{"start":{"line":54,"column":8},"end":{"line":54,"column":8}},{"start":{"line":54,"column":8},"end":{"line":54,"column":8}}]},"4":{"line":125,"type":"if","locations":[{"start":{"line":125,"column":8},"end":{"line":125,"column":8}},{"start":{"line":125,"column":8},"end":{"line":125,"column":8}}]},"5":{"line":140,"type":"if","locations":[{"start":{"line":140,"column":8},"end":{"line":140,"column":8}},{"start":{"line":140,"column":8},"end":{"line":140,"column":8}}]},"6":{"line":141,"type":"if","locations":[{"start":{"line":141,"column":8},"end":{"line":141,"column":8}},{"start":{"line":141,"column":8},"end":{"line":141,"column":8}}]},"7":{"line":143,"type":"if","locations":[{"start":{"line":143,"column":8},"end":{"line":143,"column":8}},{"start":{"line":143,"column":8},"end":{"line":143,"column":8}}]}}}}