{
"contracts\\NFTDutchAuction_ERC20Bids.sol":{"l":{"25":3,"37":3,"41":2,"42":1,"43":1,"44":1,"45":1,"54":2,"62":1,"93":6,"94":6,"95":6,"96":6,"97":6,"98":6,"99":6,"100":6,"101":6,"105":6,"106":6,"107":6,"108":6,"109":6,"113":1,"117":9,"118":1,"121":8,"125":4,"126":4,"131":2,"133":1,"139":1,"145":1,"153":2},"path":"C:\\Users\\jashm\\OneDrive\\Desktop\\7500-Crypto and Smart Contracts\\Dutch-Auction\\v4\\contracts\\NFTDutchAuction_ERC20Bids.sol","s":{"1":3,"2":3,"3":2,"4":1,"5":1,"6":1,"7":1,"8":2,"9":1,"10":6,"11":6,"12":1,"13":9,"14":1,"15":8,"16":4,"17":2,"18":1,"19":1,"20":2},"b":{"1":[1,1],"2":[1,0],"3":[2,0],"4":[6,0],"5":[1,8],"6":[2,2],"7":[1,1],"8":[0,0]},"f":{"1":3,"2":3,"3":2,"4":2,"5":1,"6":6,"7":1,"8":9,"9":4,"10":0,"11":2},"fnMap":{"1":{"name":"constructor","line":24,"loc":{"start":{"line":24,"column":4},"end":{"line":26,"column":4}}},"2":{"name":"constructor","line":36,"loc":{"start":{"line":36,"column":4},"end":{"line":38,"column":4}}},"3":{"name":"safeMint","line":40,"loc":{"start":{"line":40,"column":4},"end":{"line":46,"column":4}}},"4":{"name":"_beforeTokenTransfer","line":53,"loc":{"start":{"line":48,"column":4},"end":{"line":55,"column":4}}},"5":{"name":"supportsInterface","line":59,"loc":{"start":{"line":59,"column":4},"end":{"line":63,"column":4}}},"6":{"name":"initialize","line":92,"loc":{"start":{"line":84,"column":4},"end":{"line":110,"column":4}}},"7":{"name":"getCurrentBlockNumber","line":112,"loc":{"start":{"line":112,"column":4},"end":{"line":114,"column":4}}},"8":{"name":"calculatePrice","line":116,"loc":{"start":{"line":116,"column":4},"end":{"line":122,"column":4}}},"9":{"name":"receiveMoney","line":124,"loc":{"start":{"line":124,"column":4},"end":{"line":146,"column":4}}},"10":{"name":"_authorizeUpgrade","line":150,"loc":{"start":{"line":148,"column":4},"end":{"line":150,"column":35}}},"11":{"name":"getMessage","line":152,"loc":{"start":{"line":152,"column":4},"end":{"line":154,"column":4}}}},"statementMap":{"1":{"start":{"line":25,"column":8},"end":{"line":25,"column":33}},"2":{"start":{"line":37,"column":8},"end":{"line":37,"column":34}},"3":{"start":{"line":41,"column":8},"end":{"line":41,"column":71}},"4":{"start":{"line":42,"column":8},"end":{"line":42,"column":60}},"5":{"start":{"line":43,"column":8},"end":{"line":43,"column":51}},"6":{"start":{"line":44,"column":8},"end":{"line":44,"column":34}},"7":{"start":{"line":45,"column":8},"end":{"line":45,"column":29}},"8":{"start":{"line":54,"column":8},"end":{"line":54,"column":63}},"9":{"start":{"line":62,"column":8},"end":{"line":62,"column":51}},"10":{"start":{"line":93,"column":8},"end":{"line":93,"column":23}},"11":{"start":{"line":94,"column":8},"end":{"line":94,"column":31}},"12":{"start":{"line":113,"column":8},"end":{"line":113,"column":27}},"13":{"start":{"line":117,"column":8},"end":{"line":117,"column":4019}},"14":{"start":{"line":118,"column":12},"end":{"line":118,"column":31}},"15":{"start":{"line":121,"column":8},"end":{"line":121,"column":66}},"16":{"start":{"line":126,"column":8},"end":{"line":126,"column":4284}},"17":{"start":{"line":131,"column":8},"end":{"line":131,"column":62}},"18":{"start":{"line":133,"column":8},"end":{"line":133,"column":4488}},"19":{"start":{"line":139,"column":8},"end":{"line":139,"column":4648}},"20":{"start":{"line":153,"column":8},"end":{"line":153,"column":28}}},"branchMap":{"1":{"line":41,"type":"if","locations":[{"start":{"line":41,"column":8},"end":{"line":41,"column":8}},{"start":{"line":41,"column":8},"end":{"line":41,"column":8}}]},"2":{"line":42,"type":"if","locations":[{"start":{"line":42,"column":8},"end":{"line":42,"column":8}},{"start":{"line":42,"column":8},"end":{"line":42,"column":8}}]},"3":{"line":53,"type":"if","locations":[{"start":{"line":53,"column":50},"end":{"line":53,"column":50}},{"start":{"line":53,"column":50},"end":{"line":53,"column":50}}]},"4":{"line":92,"type":"if","locations":[{"start":{"line":92,"column":13},"end":{"line":92,"column":13}},{"start":{"line":92,"column":13},"end":{"line":92,"column":13}}]},"5":{"line":117,"type":"if","locations":[{"start":{"line":117,"column":8},"end":{"line":117,"column":8}},{"start":{"line":117,"column":8},"end":{"line":117,"column":8}}]},"6":{"line":126,"type":"if","locations":[{"start":{"line":126,"column":8},"end":{"line":126,"column":8}},{"start":{"line":126,"column":8},"end":{"line":126,"column":8}}]},"7":{"line":131,"type":"if","locations":[{"start":{"line":131,"column":8},"end":{"line":131,"column":8}},{"start":{"line":131,"column":8},"end":{"line":131,"column":8}}]},"8":{"line":150,"type":"if","locations":[{"start":{"line":150,"column":24},"end":{"line":150,"column":24}},{"start":{"line":150,"column":24},"end":{"line":150,"column":24}}]}}}}
