TN:
SF:C:\Users\jashm\OneDrive\Desktop\7500-Crypto and Smart Contracts\Dutch-Auction\v4\contracts\NFTDutchAuction_ERC20Bids.sol
FN:24,constructor
FN:36,constructor
FN:40,safeMint
FN:53,_beforeTokenTransfer
FN:59,supportsInterface
FN:92,initialize
FN:112,getCurrentBlockNumber
FN:116,calculatePrice
FN:124,receiveMoney
FN:150,_authorizeUpgrade
FN:152,getMessage
FNF:11
FNH:10
FNDA:3,constructor
FNDA:3,constructor
FNDA:2,safeMint
FNDA:2,_beforeTokenTransfer
FNDA:1,supportsInterface
FNDA:6,initialize
FNDA:1,getCurrentBlockNumber
FNDA:9,calculatePrice
FNDA:4,receiveMoney
FNDA:0,_authorizeUpgrade
FNDA:2,getMessage
DA:25,3
DA:37,3
DA:41,2
DA:42,1
DA:43,1
DA:44,1
DA:45,1
DA:54,2
DA:62,1
DA:93,6
DA:94,6
DA:95,6
DA:96,6
DA:97,6
DA:98,6
DA:99,6
DA:100,6
DA:101,6
DA:105,6
DA:106,6
DA:107,6
DA:108,6
DA:109,6
DA:113,1
DA:117,9
DA:118,1
DA:121,8
DA:125,4
DA:126,4
DA:131,2
DA:133,1
DA:139,1
DA:145,1
DA:153,2
LF:34
LH:34
BRDA:41,1,0,1
BRDA:41,1,1,1
BRDA:42,2,0,1
BRDA:42,2,1,0
BRDA:53,3,0,2
BRDA:53,3,1,0
BRDA:92,4,0,6
BRDA:92,4,1,0
BRDA:117,5,0,1
BRDA:117,5,1,8
BRDA:126,6,0,2
BRDA:126,6,1,2
BRDA:131,7,0,1
BRDA:131,7,1,1
BRDA:150,8,0,0
BRDA:150,8,1,0
BRF:16
BRH:11
end_of_record
