{
"contracts\\NFTDutchAuction_ERC20Bids.sol":{"l":{"25":6,"29":1,"74":3,"80":3,"97":2,"98":2,"100":2,"107":3,"109":3,"115":3,"117":3,"129":3,"133":0,"143":1,"144":1,"156":3,"160":2,"161":1,"162":1,"163":1,"164":1,"173":2,"181":1,"212":6,"213":6,"214":6,"215":6,"216":6,"217":6,"218":6,"219":6,"220":6,"224":6,"225":6,"226":6,"227":6,"228":6,"232":1,"236":9,"237":9,"240":0,"244":4,"245":4,"250":2,"252":1,"258":1,"264":1,"272":2},"path":"C:\\Users\\jashm\\OneDrive\\Desktop\\7500-Crypto and Smart Contracts\\Dutch-Auction\\v5\\contracts\\NFTDutchAuction_ERC20Bids.sol","s":{"1":6,"2":1,"3":3,"4":3,"5":2,"6":2,"7":2,"8":3,"9":3,"10":3,"11":0,"12":1,"13":1,"14":3,"15":2,"16":1,"17":1,"18":1,"19":1,"20":2,"21":1,"22":6,"23":6,"24":1,"25":9,"26":9,"27":0,"28":4,"29":2,"30":1,"31":1,"32":2},"b":{"1":[3,0],"2":[1,1],"3":[1,0],"4":[2,0],"5":[6,0],"6":[9,0],"7":[2,2],"8":[1,1],"9":[0,0]},"f":{"1":6,"2":1,"3":3,"4":3,"5":2,"6":3,"7":3,"8":3,"9":0,"10":1,"11":3,"12":2,"13":2,"14":1,"15":6,"16":1,"17":9,"18":4,"19":0,"20":2},"fnMap":{"1":{"name":"constructor","line":24,"loc":{"start":{"line":24,"column":4},"end":{"line":26,"column":4}}},"2":{"name":"mint","line":28,"loc":{"start":{"line":28,"column":4},"end":{"line":30,"column":4}}},"3":{"name":"getMessageHash","line":68,"loc":{"start":{"line":68,"column":4},"end":{"line":75,"column":4}}},"4":{"name":"getEthSignedMessageHash","line":77,"loc":{"start":{"line":77,"column":4},"end":{"line":87,"column":4}}},"5":{"name":"verify","line":89,"loc":{"start":{"line":89,"column":4},"end":{"line":101,"column":4}}},"6":{"name":"recoverSigner","line":103,"loc":{"start":{"line":103,"column":4},"end":{"line":110,"column":4}}},"7":{"name":"splitSignature","line":112,"loc":{"start":{"line":112,"column":4},"end":{"line":122,"column":4}}},"8":{"name":"constructor","line":128,"loc":{"start":{"line":128,"column":4},"end":{"line":130,"column":4}}},"9":{"name":"deposit","line":132,"loc":{"start":{"line":132,"column":4},"end":{"line":134,"column":4}}},"10":{"name":"depositWithPermit","line":136,"loc":{"start":{"line":136,"column":4},"end":{"line":145,"column":4}}},"11":{"name":"constructor","line":155,"loc":{"start":{"line":155,"column":4},"end":{"line":157,"column":4}}},"12":{"name":"safeMint","line":159,"loc":{"start":{"line":159,"column":4},"end":{"line":165,"column":4}}},"13":{"name":"_beforeTokenTransfer","line":172,"loc":{"start":{"line":167,"column":4},"end":{"line":174,"column":4}}},"14":{"name":"supportsInterface","line":178,"loc":{"start":{"line":178,"column":4},"end":{"line":182,"column":4}}},"15":{"name":"initialize","line":211,"loc":{"start":{"line":203,"column":4},"end":{"line":229,"column":4}}},"16":{"name":"getCurrentBlockNumber","line":231,"loc":{"start":{"line":231,"column":4},"end":{"line":233,"column":4}}},"17":{"name":"calculatePrice","line":235,"loc":{"start":{"line":235,"column":4},"end":{"line":241,"column":4}}},"18":{"name":"receiveMoney","line":243,"loc":{"start":{"line":243,"column":4},"end":{"line":265,"column":4}}},"19":{"name":"_authorizeUpgrade","line":269,"loc":{"start":{"line":267,"column":4},"end":{"line":269,"column":35}}},"20":{"name":"getMessage","line":271,"loc":{"start":{"line":271,"column":4},"end":{"line":273,"column":4}}}},"statementMap":{"1":{"start":{"line":25,"column":8},"end":{"line":25,"column":33}},"2":{"start":{"line":29,"column":8},"end":{"line":29,"column":26}},"3":{"start":{"line":74,"column":8},"end":{"line":74,"column":74}},"4":{"start":{"line":80,"column":8},"end":{"line":80,"column":2380}},"5":{"start":{"line":97,"column":8},"end":{"line":97,"column":76}},"6":{"start":{"line":98,"column":8},"end":{"line":98,"column":75}},"7":{"start":{"line":100,"column":8},"end":{"line":100,"column":72}},"8":{"start":{"line":107,"column":8},"end":{"line":107,"column":68}},"9":{"start":{"line":109,"column":8},"end":{"line":109,"column":56}},"10":{"start":{"line":115,"column":8},"end":{"line":115,"column":60}},"11":{"start":{"line":133,"column":8},"end":{"line":133,"column":60}},"12":{"start":{"line":143,"column":8},"end":{"line":143,"column":73}},"13":{"start":{"line":144,"column":8},"end":{"line":144,"column":60}},"14":{"start":{"line":156,"column":8},"end":{"line":156,"column":34}},"15":{"start":{"line":160,"column":8},"end":{"line":160,"column":71}},"16":{"start":{"line":161,"column":8},"end":{"line":161,"column":60}},"17":{"start":{"line":162,"column":8},"end":{"line":162,"column":51}},"18":{"start":{"line":163,"column":8},"end":{"line":163,"column":34}},"19":{"start":{"line":164,"column":8},"end":{"line":164,"column":29}},"20":{"start":{"line":173,"column":8},"end":{"line":173,"column":63}},"21":{"start":{"line":181,"column":8},"end":{"line":181,"column":51}},"22":{"start":{"line":212,"column":8},"end":{"line":212,"column":23}},"23":{"start":{"line":213,"column":8},"end":{"line":213,"column":31}},"24":{"start":{"line":232,"column":8},"end":{"line":232,"column":27}},"25":{"start":{"line":236,"column":8},"end":{"line":236,"column":7181}},"26":{"start":{"line":237,"column":12},"end":{"line":237,"column":31}},"27":{"start":{"line":240,"column":8},"end":{"line":240,"column":66}},"28":{"start":{"line":245,"column":8},"end":{"line":245,"column":7446}},"29":{"start":{"line":250,"column":8},"end":{"line":250,"column":62}},"30":{"start":{"line":252,"column":8},"end":{"line":252,"column":7650}},"31":{"start":{"line":258,"column":8},"end":{"line":258,"column":7810}},"32":{"start":{"line":272,"column":8},"end":{"line":272,"column":28}}},"branchMap":{"1":{"line":115,"type":"if","locations":[{"start":{"line":115,"column":8},"end":{"line":115,"column":8}},{"start":{"line":115,"column":8},"end":{"line":115,"column":8}}]},"2":{"line":160,"type":"if","locations":[{"start":{"line":160,"column":8},"end":{"line":160,"column":8}},{"start":{"line":160,"column":8},"end":{"line":160,"column":8}}]},"3":{"line":161,"type":"if","locations":[{"start":{"line":161,"column":8},"end":{"line":161,"column":8}},{"start":{"line":161,"column":8},"end":{"line":161,"column":8}}]},"4":{"line":172,"type":"if","locations":[{"start":{"line":172,"column":50},"end":{"line":172,"column":50}},{"start":{"line":172,"column":50},"end":{"line":172,"column":50}}]},"5":{"line":211,"type":"if","locations":[{"start":{"line":211,"column":13},"end":{"line":211,"column":13}},{"start":{"line":211,"column":13},"end":{"line":211,"column":13}}]},"6":{"line":236,"type":"if","locations":[{"start":{"line":236,"column":8},"end":{"line":236,"column":8}},{"start":{"line":236,"column":8},"end":{"line":236,"column":8}}]},"7":{"line":245,"type":"if","locations":[{"start":{"line":245,"column":8},"end":{"line":245,"column":8}},{"start":{"line":245,"column":8},"end":{"line":245,"column":8}}]},"8":{"line":250,"type":"if","locations":[{"start":{"line":250,"column":8},"end":{"line":250,"column":8}},{"start":{"line":250,"column":8},"end":{"line":250,"column":8}}]},"9":{"line":269,"type":"if","locations":[{"start":{"line":269,"column":24},"end":{"line":269,"column":24}},{"start":{"line":269,"column":24},"end":{"line":269,"column":24}}]}}}}
