TN:
SF:C:\Users\jashm\OneDrive\Desktop\7500-Crypto and Smart Contracts\Dutch-Auction\v5\contracts\NFTDutchAuction_ERC20Bids.sol
FN:24,constructor
FN:28,mint
FN:68,getMessageHash
FN:77,getEthSignedMessageHash
FN:89,verify
FN:103,recoverSigner
FN:112,splitSignature
FN:128,constructor
FN:132,deposit
FN:136,depositWithPermit
FN:155,constructor
FN:159,safeMint
FN:172,_beforeTokenTransfer
FN:178,supportsInterface
FN:211,initialize
FN:231,getCurrentBlockNumber
FN:235,calculatePrice
FN:243,receiveMoney
FN:269,_authorizeUpgrade
FN:271,getMessage
FNF:20
FNH:18
FNDA:6,constructor
FNDA:1,mint
FNDA:3,getMessageHash
FNDA:3,getEthSignedMessageHash
FNDA:2,verify
FNDA:3,recoverSigner
FNDA:3,splitSignature
FNDA:3,constructor
FNDA:0,deposit
FNDA:1,depositWithPermit
FNDA:3,constructor
FNDA:2,safeMint
FNDA:2,_beforeTokenTransfer
FNDA:1,supportsInterface
FNDA:6,initialize
FNDA:1,getCurrentBlockNumber
FNDA:9,calculatePrice
FNDA:4,receiveMoney
FNDA:0,_authorizeUpgrade
FNDA:2,getMessage
DA:25,6
DA:29,1
DA:74,3
DA:80,3
DA:97,2
DA:98,2
DA:100,2
DA:107,3
DA:109,3
DA:115,3
DA:117,3
DA:129,3
DA:133,0
DA:143,1
DA:144,1
DA:156,3
DA:160,2
DA:161,1
DA:162,1
DA:163,1
DA:164,1
DA:173,2
DA:181,1
DA:212,6
DA:213,6
DA:214,6
DA:215,6
DA:216,6
DA:217,6
DA:218,6
DA:219,6
DA:220,6
DA:224,6
DA:225,6
DA:226,6
DA:227,6
DA:228,6
DA:232,1
DA:236,9
DA:237,9
DA:240,0
DA:244,4
DA:245,4
DA:250,2
DA:252,1
DA:258,1
DA:264,1
DA:272,2
LF:48
LH:46
BRDA:115,1,0,3
BRDA:115,1,1,0
BRDA:160,2,0,1
BRDA:160,2,1,1
BRDA:161,3,0,1
BRDA:161,3,1,0
BRDA:172,4,0,2
BRDA:172,4,1,0
BRDA:211,5,0,6
BRDA:211,5,1,0
BRDA:236,6,0,9
BRDA:236,6,1,0
BRDA:245,7,0,2
BRDA:245,7,1,2
BRDA:250,8,0,1
BRDA:250,8,1,1
BRDA:269,9,0,0
BRDA:269,9,1,0
BRF:18
BRH:11
end_of_record
