TN:
SF:C:\Users\jashm\OneDrive\Desktop\7500-Crypto and Smart Contracts\Dutch-Auction\v2\contracts\NFTDutchAuction.sol
FN:25,constructor
FN:29,withdraw
FN:35,_baseURI
FN:40,pause
FN:44,unpause
FN:49,safeMint
FN:66,_beforeTokenTransfer
FN:72,supportsInterface
FN:77,baseURI
FN:81,tokenIdCounter
FN:105,constructor
FN:120,getCurrentBlockNumber
FN:124,calculatePrice
FN:134,checkbalance
FN:138,receiveMoney
FNF:15
FNH:15
FNDA:6,constructor
FNDA:2,withdraw
FNDA:1,_baseURI
FNDA:1,pause
FNDA:1,unpause
FNDA:3,safeMint
FNDA:4,_beforeTokenTransfer
FNDA:3,supportsInterface
FNDA:1,baseURI
FNDA:1,tokenIdCounter
FNDA:3,constructor
FNDA:1,getCurrentBlockNumber
FNDA:6,calculatePrice
FNDA:1,checkbalance
FNDA:3,receiveMoney
DA:26,6
DA:30,2
DA:31,2
DA:36,1
DA:41,1
DA:45,1
DA:51,3
DA:54,2
DA:57,2
DA:58,2
DA:62,2
DA:68,4
DA:74,3
DA:78,1
DA:82,1
DA:106,3
DA:107,3
DA:108,3
DA:109,3
DA:110,3
DA:111,3
DA:112,3
DA:113,3
DA:115,3
DA:116,3
DA:121,1
DA:125,6
DA:126,1
DA:129,5
DA:135,1
DA:139,3
DA:140,3
DA:141,3
DA:143,2
DA:145,2
DA:146,2
DA:151,2
DA:152,2
DA:154,2
DA:156,1
LF:40
LH:40
BRDA:30,1,0,2
BRDA:30,1,1,0
BRDA:51,2,0,2
BRDA:51,2,1,1
BRDA:54,3,0,2
BRDA:54,3,1,0
BRDA:125,4,0,1
BRDA:125,4,1,5
BRDA:140,5,0,3
BRDA:140,5,1,0
BRDA:141,6,0,2
BRDA:141,6,1,1
BRDA:143,7,0,2
BRDA:143,7,1,0
BRF:14
BRH:10
end_of_record
