{
"contracts\\NFTDutchAuction_ERC20Bids.sol":{"l":{"26":3,"38":3,"42":1,"43":1,"44":1,"45":1,"46":1,"55":2,"63":1,"92":3,"93":3,"94":3,"95":3,"96":3,"97":3,"98":3,"99":3,"100":3,"101":3,"102":3,"106":1,"110":8,"111":1,"114":7,"118":4,"120":4,"122":2,"125":1,"132":1,"138":1},"path":"C:\\Users\\jashm\\OneDrive\\Desktop\\7500-Crypto and Smart Contracts\\Dutch-Auction\\v3\\contracts\\NFTDutchAuction_ERC20Bids.sol","s":{"1":3,"2":3,"3":1,"4":1,"5":1,"6":1,"7":1,"8":2,"9":1,"10":1,"11":8,"12":1,"13":7,"14":4,"15":2,"16":1,"17":1},"b":{"1":[1,0],"2":[1,0],"3":[1,7],"4":[2,2],"5":[1,1]},"f":{"1":3,"2":3,"3":1,"4":2,"5":1,"6":3,"7":1,"8":8,"9":4},"fnMap":{"1":{"name":"constructor","line":21,"loc":{"start":{"line":21,"column":4},"end":{"line":27,"column":4}}},"2":{"name":"constructor","line":37,"loc":{"start":{"line":37,"column":4},"end":{"line":39,"column":4}}},"3":{"name":"safeMint","line":41,"loc":{"start":{"line":41,"column":4},"end":{"line":47,"column":4}}},"4":{"name":"_beforeTokenTransfer","line":49,"loc":{"start":{"line":49,"column":4},"end":{"line":56,"column":4}}},"5":{"name":"supportsInterface","line":60,"loc":{"start":{"line":60,"column":4},"end":{"line":64,"column":4}}},"6":{"name":"constructor","line":84,"loc":{"start":{"line":84,"column":4},"end":{"line":103,"column":4}}},"7":{"name":"getCurrentBlockNumber","line":105,"loc":{"start":{"line":105,"column":4},"end":{"line":107,"column":4}}},"8":{"name":"calculatePrice","line":109,"loc":{"start":{"line":109,"column":4},"end":{"line":115,"column":4}}},"9":{"name":"receiveMoney","line":117,"loc":{"start":{"line":117,"column":4},"end":{"line":139,"column":4}}}},"statementMap":{"1":{"start":{"line":26,"column":8},"end":{"line":26,"column":33}},"2":{"start":{"line":38,"column":8},"end":{"line":38,"column":34}},"3":{"start":{"line":42,"column":8},"end":{"line":42,"column":71}},"4":{"start":{"line":43,"column":8},"end":{"line":43,"column":60}},"5":{"start":{"line":44,"column":8},"end":{"line":44,"column":51}},"6":{"start":{"line":45,"column":8},"end":{"line":45,"column":34}},"7":{"start":{"line":46,"column":8},"end":{"line":46,"column":29}},"8":{"start":{"line":55,"column":8},"end":{"line":55,"column":63}},"9":{"start":{"line":63,"column":8},"end":{"line":63,"column":51}},"10":{"start":{"line":106,"column":8},"end":{"line":106,"column":27}},"11":{"start":{"line":110,"column":8},"end":{"line":110,"column":3703}},"12":{"start":{"line":111,"column":12},"end":{"line":111,"column":31}},"13":{"start":{"line":114,"column":8},"end":{"line":114,"column":66}},"14":{"start":{"line":120,"column":8},"end":{"line":120,"column":101}},"15":{"start":{"line":122,"column":8},"end":{"line":122,"column":62}},"16":{"start":{"line":125,"column":8},"end":{"line":125,"column":4288}},"17":{"start":{"line":132,"column":8},"end":{"line":132,"column":4518}}},"branchMap":{"1":{"line":42,"type":"if","locations":[{"start":{"line":42,"column":8},"end":{"line":42,"column":8}},{"start":{"line":42,"column":8},"end":{"line":42,"column":8}}]},"2":{"line":43,"type":"if","locations":[{"start":{"line":43,"column":8},"end":{"line":43,"column":8}},{"start":{"line":43,"column":8},"end":{"line":43,"column":8}}]},"3":{"line":110,"type":"if","locations":[{"start":{"line":110,"column":8},"end":{"line":110,"column":8}},{"start":{"line":110,"column":8},"end":{"line":110,"column":8}}]},"4":{"line":120,"type":"if","locations":[{"start":{"line":120,"column":8},"end":{"line":120,"column":8}},{"start":{"line":120,"column":8},"end":{"line":120,"column":8}}]},"5":{"line":122,"type":"if","locations":[{"start":{"line":122,"column":8},"end":{"line":122,"column":8}},{"start":{"line":122,"column":8},"end":{"line":122,"column":8}}]}}}}
